<?xml version="1.0" encoding="UTF-8"?>
<!-- Generated by org.testng.reporters.JUnitXMLReporter -->
<testsuite hostname="usnycpww9833.global.publicisgroupe.net" name="Default test" tests="4" failures="0" timestamp="29 Oct 2015 13:07:54 GMT" time="21.739" errors="0">
  <testcase name="test3" time="0.005" classname="com.testng.tests.TestAnnotations2"/>
  <testcase name="test1" time="1.881" classname="com.testng.tests.TestAnnotations1"/>
  <testcase name="test2" time="1.833" classname="com.testng.tests.TestAnnotations1"/>
  <testcase name="test4" time="0.0" classname="com.testng.tests.TestAnnotations1"/>
</testsuite> <!-- Default test -->
